<?xml version="1.0" encoding="UTF-8"?>
<testng-results skipped="0" failed="0" ignored="0" total="6" passed="6">
  <reporter-output>
  </reporter-output>
  <suite name="Surefire suite" duration-ms="3102" started-at="2021-03-04T21:24:38 CST" finished-at="2021-03-04T21:24:41 CST">
    <groups>
    </groups>
    <test name="Surefire test" duration-ms="3102" started-at="2021-03-04T21:24:38 CST" finished-at="2021-03-04T21:24:41 CST">
      <class name="com.adorgroup.sorta.sql.test.UserServiceTestCase">
        <test-method status="PASS" signature="testOrderBy()" name="testOrderBy" duration-ms="2664" started-at="2021-03-04T21:24:38 CST" finished-at="2021-03-04T21:24:41 CST">
          <reporter-output>
          </reporter-output>
        </test-method> <!-- testOrderBy -->
        <test-method status="PASS" signature="testAll()" name="testAll" duration-ms="2677" started-at="2021-03-04T21:24:38 CST" finished-at="2021-03-04T21:24:41 CST">
          <reporter-output>
          </reporter-output>
        </test-method> <!-- testAll -->
        <test-method status="PASS" signature="testLimit()" name="testLimit" duration-ms="2687" started-at="2021-03-04T21:24:38 CST" finished-at="2021-03-04T21:24:41 CST">
          <reporter-output>
          </reporter-output>
        </test-method> <!-- testLimit -->
        <test-method status="PASS" signature="testWhereOr()" name="testWhereOr" duration-ms="2706" started-at="2021-03-04T21:24:38 CST" finished-at="2021-03-04T21:24:41 CST">
          <reporter-output>
          </reporter-output>
        </test-method> <!-- testWhereOr -->
        <test-method status="PASS" signature="testGroupBy()" name="testGroupBy" duration-ms="2701" started-at="2021-03-04T21:24:38 CST" finished-at="2021-03-04T21:24:41 CST">
          <reporter-output>
          </reporter-output>
        </test-method> <!-- testGroupBy -->
        <test-method status="PASS" signature="testWhere()" name="testWhere" duration-ms="2696" started-at="2021-03-04T21:24:38 CST" finished-at="2021-03-04T21:24:41 CST">
          <reporter-output>
          </reporter-output>
        </test-method> <!-- testWhere -->
      </class> <!-- com.adorgroup.sorta.sql.test.UserServiceTestCase -->
    </test> <!-- Surefire test -->
  </suite> <!-- Surefire suite -->
</testng-results>
