<?xml version="1.0" encoding="UTF-8"?>
<testsuite xmlns:xsi="http://www.w3.org/2001/XMLSchema-instance" xsi:noNamespaceSchemaLocation="https://maven.apache.org/surefire/maven-surefire-plugin/xsd/surefire-test-report.xsd" name="com.adorgroup.sorta.sql.test.UserServiceTestCase" time="3.636" tests="6" errors="0" skipped="0" failures="0">
  <properties>
[...]
</properties>
  <testcase name="testOrderBy on testOrderBy(com.adorgroup.sorta.sql.test.UserServiceTestCase)" classname="com.adorgroup.sorta.sql.test.UserServiceTestCase" time="0.031"/>
  <testcase name="testAll on testAll(com.adorgroup.sorta.sql.test.UserServiceTestCase)" classname="com.adorgroup.sorta.sql.test.UserServiceTestCase" time="0.004"/>
  <testcase name="testLimit on testLimit(com.adorgroup.sorta.sql.test.UserServiceTestCase)" classname="com.adorgroup.sorta.sql.test.UserServiceTestCase" time="0"/>
  <testcase name="testWhere on testWhere(com.adorgroup.sorta.sql.test.UserServiceTestCase)" classname="com.adorgroup.sorta.sql.test.UserServiceTestCase" time="0"/>
  <testcase name="testGroupBy on testGroupBy(com.adorgroup.sorta.sql.test.UserServiceTestCase)" classname="com.adorgroup.sorta.sql.test.UserServiceTestCase" time="0.008"/>
  <testcase name="testWhereOr on testWhereOr(com.adorgroup.sorta.sql.test.UserServiceTestCase)" classname="com.adorgroup.sorta.sql.test.UserServiceTestCase" time="0.002"/>
</testsuite>