<?xml version="1.0" encoding="UTF-8"?>
<!-- Generated by org.testng.reporters.JUnitXMLReporter -->
<testsuite hostname="Administrator" ignored="0" name="Surefire test" tests="6" failures="0" timestamp="2021-03-04T21:24:41 CST" time="3.102" errors="0">
  <testcase name="testOrderBy on testOrderBy(com.adorgroup.sorta.sql.test.UserServiceTestCase)" time="2.664" classname="com.adorgroup.sorta.sql.test.UserServiceTestCase"/>
  <testcase name="testAll on testAll(com.adorgroup.sorta.sql.test.UserServiceTestCase)" time="2.677" classname="com.adorgroup.sorta.sql.test.UserServiceTestCase"/>
  <testcase name="testLimit on testLimit(com.adorgroup.sorta.sql.test.UserServiceTestCase)" time="2.687" classname="com.adorgroup.sorta.sql.test.UserServiceTestCase"/>
  <testcase name="testWhere on testWhere(com.adorgroup.sorta.sql.test.UserServiceTestCase)" time="2.696" classname="com.adorgroup.sorta.sql.test.UserServiceTestCase"/>
  <testcase name="testGroupBy on testGroupBy(com.adorgroup.sorta.sql.test.UserServiceTestCase)" time="2.701" classname="com.adorgroup.sorta.sql.test.UserServiceTestCase"/>
  <testcase name="testWhereOr on testWhereOr(com.adorgroup.sorta.sql.test.UserServiceTestCase)" time="2.706" classname="com.adorgroup.sorta.sql.test.UserServiceTestCase"/>
</testsuite> <!-- Surefire test -->
